# JRE version: Java(TM) SE Runtime Environment (8.0_131-b11) (build 1.8.0_131-b11)
# Java VM: Java HotSpot(TM) Client VM (25.131-b11 mixed mode windows-x86 )
Heap:
 def new generation   total 4928K, used 2210K [0x04e00000, 0x05350000, 0x0a350000)
  eden space 4416K,  43% used [0x04e00000, 0x04fe3a60, 0x05250000)
  from space 512K,  53% used [0x052d0000, 0x05314ec8, 0x05350000)
  to   space 512K,   0% used [0x05250000, 0x05250000, 0x052d0000)
 tenured generation   total 10944K, used 10168K [0x0a350000, 0x0ae00000, 0x14e00000)
   the space 10944K,  92% used [0x0a350000, 0x0ad3e130, 0x0ad3e200, 0x0ae00000)
 Metaspace       used 9671K, capacity 9905K, committed 9984K, reserved 10624K
GC Heap History (10 events):
Event: 5.727 GC heap before
{Heap before GC invocations=4 (full 0):
 def new generation   total 4928K, used 4928K [0x04e00000, 0x05350000, 0x0a350000)
  eden space 4416K, 100% used [0x04e00000, 0x05250000, 0x05250000)
  from space 512K, 100% used [0x05250000, 0x052d0000, 0x052d0000)
  to   space 512K,   0% used [0x052d0000, 0x052d0000, 0x05350000)
 tenured generation   total 10944K, used 6772K [0x0a350000, 0x0ae00000, 0x14e00000)
   the space 10944K,  61% used [0x0a350000, 0x0a9ed298, 0x0a9ed400, 0x0ae00000)
 Metaspace       used 8937K, capacity 9130K, committed 9216K, reserved 9600K
Event: 5.729 GC heap after
Heap after GC invocations=5 (full 0):
 def new generation   total 4928K, used 512K [0x04e00000, 0x05350000, 0x0a350000)
  eden space 4416K,   0% used [0x04e00000, 0x04e00000, 0x05250000)
  from space 512K, 100% used [0x052d0000, 0x05350000, 0x05350000)
  to   space 512K,   0% used [0x05250000, 0x05250000, 0x052d0000)
 tenured generation   total 10944K, used 7454K [0x0a350000, 0x0ae00000, 0x14e00000)
   the space 10944K,  68% used [0x0a350000, 0x0aa97a48, 0x0aa97c00, 0x0ae00000)
 Metaspace       used 8937K, capacity 9130K, committed 9216K, reserved 9600K
}
Event: 5.879 GC heap before
{Heap before GC invocations=5 (full 0):
 def new generation   total 4928K, used 4928K [0x04e00000, 0x05350000, 0x0a350000)
  eden space 4416K, 100% used [0x04e00000, 0x05250000, 0x05250000)
  from space 512K, 100% used [0x052d0000, 0x05350000, 0x05350000)
  to   space 512K,   0% used [0x05250000, 0x05250000, 0x052d0000)
 tenured generation   total 10944K, used 7454K [0x0a350000, 0x0ae00000, 0x14e00000)
   the space 10944K,  68% used [0x0a350000, 0x0aa97a48, 0x0aa97c00, 0x0ae00000)
 Metaspace       used 9462K, capacity 9681K, committed 9728K, reserved 10624K
Event: 5.882 GC heap after
Heap after GC invocations=6 (full 0):
 def new generation   total 4928K, used 512K [0x04e00000, 0x05350000, 0x0a350000)
  eden space 4416K,   0% used [0x04e00000, 0x04e00000, 0x05250000)
  from space 512K, 100% used [0x05250000, 0x052d0000, 0x052d0000)
  to   space 512K,   0% used [0x052d0000, 0x052d0000, 0x05350000)
 tenured generation   total 10944K, used 8724K [0x0a350000, 0x0ae00000, 0x14e00000)
   the space 10944K,  79% used [0x0a350000, 0x0abd50c0, 0x0abd5200, 0x0ae00000)
 Metaspace       used 9462K, capacity 9681K, committed 9728K, reserved 10624K
}
Event: 6.055 GC heap before
{Heap before GC invocations=6 (full 0):
 def new generation   total 4928K, used 4928K [0x04e00000, 0x05350000, 0x0a350000)
  eden space 4416K, 100% used [0x04e00000, 0x05250000, 0x05250000)
  from space 512K, 100% used [0x05250000, 0x052d0000, 0x052d0000)
  to   space 512K,   0% used [0x052d0000, 0x052d0000, 0x05350000)
 tenured generation   total 10944K, used 8724K [0x0a350000, 0x0ae00000, 0x14e00000)
   the space 10944K,  79% used [0x0a350000, 0x0abd50c0, 0x0abd5200, 0x0ae00000)
 Metaspace       used 9652K, capacity 9873K, committed 9984K, reserved 10624K
Event: 6.058 GC heap after
Heap after GC invocations=7 (full 0):
 def new generation   total 4928K, used 490K [0x04e00000, 0x05350000, 0x0a350000)
  eden space 4416K,   0% used [0x04e00000, 0x04e00000, 0x05250000)
  from space 512K,  95% used [0x052d0000, 0x0534a8d0, 0x05350000)
  to   space 512K,   0% used [0x05250000, 0x05250000, 0x052d0000)
 tenured generation   total 10944K, used 9235K [0x0a350000, 0x0ae00000, 0x14e00000)
   the space 10944K,  84% used [0x0a350000, 0x0ac54e00, 0x0ac54e00, 0x0ae00000)
 Metaspace       used 9652K, capacity 9873K, committed 9984K, reserved 10624K
}
Event: 6.137 GC heap before
{Heap before GC invocations=7 (full 0):
 def new generation   total 4928K, used 4906K [0x04e00000, 0x05350000, 0x0a350000)
  eden space 4416K, 100% used [0x04e00000, 0x05250000, 0x05250000)
  from space 512K,  95% used [0x052d0000, 0x0534a8d0, 0x05350000)
  to   space 512K,   0% used [0x05250000, 0x05250000, 0x052d0000)
 tenured generation   total 10944K, used 9235K [0x0a350000, 0x0ae00000, 0x14e00000)
   the space 10944K,  84% used [0x0a350000, 0x0ac54e00, 0x0ac54e00, 0x0ae00000)
 Metaspace       used 9667K, capacity 9905K, committed 9984K, reserved 10624K
Event: 6.139 GC heap after
Heap after GC invocations=8 (full 0):
 def new generation   total 4928K, used 512K [0x04e00000, 0x05350000, 0x0a350000)
  eden space 4416K,   0% used [0x04e00000, 0x04e00000, 0x05250000)
  from space 512K, 100% used [0x05250000, 0x052d0000, 0x052d0000)
  to   space 512K,   0% used [0x052d0000, 0x052d0000, 0x05350000)
 tenured generation   total 10944K, used 9675K [0x0a350000, 0x0ae00000, 0x14e00000)
   the space 10944K,  88% used [0x0a350000, 0x0acc2f98, 0x0acc3000, 0x0ae00000)
 Metaspace       used 9667K, capacity 9905K, committed 9984K, reserved 10624K
}
Event: 18.053 GC heap before
{Heap before GC invocations=8 (full 0):
 def new generation   total 4928K, used 4928K [0x04e00000, 0x05350000, 0x0a350000)
  eden space 4416K, 100% used [0x04e00000, 0x05250000, 0x05250000)
  from space 512K, 100% used [0x05250000, 0x052d0000, 0x052d0000)
  to   space 512K,   0% used [0x052d0000, 0x052d0000, 0x05350000)
 tenured generation   total 10944K, used 9675K [0x0a350000, 0x0ae00000, 0x14e00000)
   the space 10944K,  88% used [0x0a350000, 0x0acc2f98, 0x0acc3000, 0x0ae00000)
 Metaspace       used 9671K, capacity 9905K, committed 9984K, reserved 10624K
Event: 18.055 GC heap after
Heap after GC invocations=9 (full 0):
 def new generation   total 4928K, used 275K [0x04e00000, 0x05350000, 0x0a350000)
  eden space 4416K,   0% used [0x04e00000, 0x04e00000, 0x05250000)
  from space 512K,  53% used [0x052d0000, 0x05314ec8, 0x05350000)
  to   space 512K,   0% used [0x05250000, 0x05250000, 0x052d0000)
 tenured generation   total 10944K, used 10168K [0x0a350000, 0x0ae00000, 0x14e00000)
   the space 10944K,  92% used [0x0a350000, 0x0ad3e130, 0x0ad3e200, 0x0ae00000)
 Metaspace       used 9671K, capacity 9905K, committed 9984K, reserved 10624K
}

